Performing C SOURCE FILE Test CMAKE_HAVE_LIBC_PTHREAD failed with the following output:
Change Dir: /home/ardhy/Documents/research/new_project/bgv-comparison/HElib/misc/aes/CMakeFiles/CMakeTmp

Run Build Command(s):/usr/bin/make -f Makefile cmTC_b2e7b/fast && /usr/bin/make  -f CMakeFiles/cmTC_b2e7b.dir/build.make CMakeFiles/cmTC_b2e7b.dir/build
make[1]: Entering directory '/home/ardhy/Documents/research/new_project/bgv-comparison/HElib/misc/aes/CMakeFiles/CMakeTmp'
Building C object CMakeFiles/cmTC_b2e7b.dir/src.c.o
/usr/bin/cc -DCMAKE_HAVE_LIBC_PTHREAD   -o CMakeFiles/cmTC_b2e7b.dir/src.c.o -c /home/ardhy/Documents/research/new_project/bgv-comparison/HElib/misc/aes/CMakeFiles/CMakeTmp/src.c
Linking C executable cmTC_b2e7b
/home/ardhy/anaconda2/lib/python2.7/site-packages/cmake/data/bin/cmake -E cmake_link_script CMakeFiles/cmTC_b2e7b.dir/link.txt --verbose=1
/usr/bin/cc -rdynamic CMakeFiles/cmTC_b2e7b.dir/src.c.o -o cmTC_b2e7b 
CMakeFiles/cmTC_b2e7b.dir/src.c.o: In function `main':
src.c:(.text+0x3e): undefined reference to `pthread_create'
src.c:(.text+0x4a): undefined reference to `pthread_detach'
src.c:(.text+0x56): undefined reference to `pthread_cancel'
src.c:(.text+0x67): undefined reference to `pthread_join'
src.c:(.text+0x7b): undefined reference to `pthread_atfork'
collect2: error: ld returned 1 exit status
CMakeFiles/cmTC_b2e7b.dir/build.make:98: recipe for target 'cmTC_b2e7b' failed
make[1]: *** [cmTC_b2e7b] Error 1
make[1]: Leaving directory '/home/ardhy/Documents/research/new_project/bgv-comparison/HElib/misc/aes/CMakeFiles/CMakeTmp'
Makefile:127: recipe for target 'cmTC_b2e7b/fast' failed
make: *** [cmTC_b2e7b/fast] Error 2


Source file was:
#include <pthread.h>

static void* test_func(void* data)
{
  return data;
}

int main(void)
{
  pthread_t thread;
  pthread_create(&thread, NULL, test_func, NULL);
  pthread_detach(thread);
  pthread_cancel(thread);
  pthread_join(thread, NULL);
  pthread_atfork(NULL, NULL, NULL);
  pthread_exit(NULL);

  return 0;
}

Determining if the function pthread_create exists in the pthreads failed with the following output:
Change Dir: /home/ardhy/Documents/research/new_project/bgv-comparison/HElib/misc/aes/CMakeFiles/CMakeTmp

Run Build Command(s):/usr/bin/make -f Makefile cmTC_bf7c3/fast && /usr/bin/make  -f CMakeFiles/cmTC_bf7c3.dir/build.make CMakeFiles/cmTC_bf7c3.dir/build
make[1]: Entering directory '/home/ardhy/Documents/research/new_project/bgv-comparison/HElib/misc/aes/CMakeFiles/CMakeTmp'
Building C object CMakeFiles/cmTC_bf7c3.dir/CheckFunctionExists.c.o
/usr/bin/cc   -DCHECK_FUNCTION_EXISTS=pthread_create -o CMakeFiles/cmTC_bf7c3.dir/CheckFunctionExists.c.o -c /home/ardhy/anaconda2/lib/python2.7/site-packages/cmake/data/share/cmake-3.22/Modules/CheckFunctionExists.c
Linking C executable cmTC_bf7c3
/home/ardhy/anaconda2/lib/python2.7/site-packages/cmake/data/bin/cmake -E cmake_link_script CMakeFiles/cmTC_bf7c3.dir/link.txt --verbose=1
/usr/bin/cc  -DCHECK_FUNCTION_EXISTS=pthread_create -rdynamic CMakeFiles/cmTC_bf7c3.dir/CheckFunctionExists.c.o -o cmTC_bf7c3  -lpthreads 
/usr/bin/ld: cannot find -lpthreads
collect2: error: ld returned 1 exit status
CMakeFiles/cmTC_bf7c3.dir/build.make:98: recipe for target 'cmTC_bf7c3' failed
make[1]: *** [cmTC_bf7c3] Error 1
make[1]: Leaving directory '/home/ardhy/Documents/research/new_project/bgv-comparison/HElib/misc/aes/CMakeFiles/CMakeTmp'
Makefile:127: recipe for target 'cmTC_bf7c3/fast' failed
make: *** [cmTC_bf7c3/fast] Error 2



Performing C SOURCE FILE Test CMAKE_HAVE_LIBC_PTHREAD failed with the following output:
Change Dir: /home/ardhy/Documents/research/new_project/bgv-comparison/HElib/misc/matmul/CMakeFiles/CMakeTmp

Run Build Command(s):/usr/bin/make -f Makefile cmTC_cbea7/fast && /usr/bin/make  -f CMakeFiles/cmTC_cbea7.dir/build.make CMakeFiles/cmTC_cbea7.dir/build
make[1]: Entering directory '/home/ardhy/Documents/research/new_project/bgv-comparison/HElib/misc/matmul/CMakeFiles/CMakeTmp'
Building C object CMakeFiles/cmTC_cbea7.dir/src.c.o
/usr/bin/cc -DCMAKE_HAVE_LIBC_PTHREAD   -o CMakeFiles/cmTC_cbea7.dir/src.c.o -c /home/ardhy/Documents/research/new_project/bgv-comparison/HElib/misc/matmul/CMakeFiles/CMakeTmp/src.c
Linking C executable cmTC_cbea7
/home/ardhy/anaconda2/lib/python2.7/site-packages/cmake/data/bin/cmake -E cmake_link_script CMakeFiles/cmTC_cbea7.dir/link.txt --verbose=1
/usr/bin/cc CMakeFiles/cmTC_cbea7.dir/src.c.o -o cmTC_cbea7 
CMakeFiles/cmTC_cbea7.dir/src.c.o: In function `main':
src.c:(.text+0x3e): undefined reference to `pthread_create'
src.c:(.text+0x4a): undefined reference to `pthread_detach'
src.c:(.text+0x56): undefined reference to `pthread_cancel'
src.c:(.text+0x67): undefined reference to `pthread_join'
src.c:(.text+0x7b): undefined reference to `pthread_atfork'
collect2: error: ld returned 1 exit status
CMakeFiles/cmTC_cbea7.dir/build.make:98: recipe for target 'cmTC_cbea7' failed
make[1]: *** [cmTC_cbea7] Error 1
make[1]: Leaving directory '/home/ardhy/Documents/research/new_project/bgv-comparison/HElib/misc/matmul/CMakeFiles/CMakeTmp'
Makefile:127: recipe for target 'cmTC_cbea7/fast' failed
make: *** [cmTC_cbea7/fast] Error 2


Source file was:
#include <pthread.h>

static void* test_func(void* data)
{
  return data;
}

int main(void)
{
  pthread_t thread;
  pthread_create(&thread, NULL, test_func, NULL);
  pthread_detach(thread);
  pthread_cancel(thread);
  pthread_join(thread, NULL);
  pthread_atfork(NULL, NULL, NULL);
  pthread_exit(NULL);

  return 0;
}

Determining if the function pthread_create exists in the pthreads failed with the following output:
Change Dir: /home/ardhy/Documents/research/new_project/bgv-comparison/HElib/misc/matmul/CMakeFiles/CMakeTmp

Run Build Command(s):/usr/bin/make -f Makefile cmTC_d13ba/fast && /usr/bin/make  -f CMakeFiles/cmTC_d13ba.dir/build.make CMakeFiles/cmTC_d13ba.dir/build
make[1]: Entering directory '/home/ardhy/Documents/research/new_project/bgv-comparison/HElib/misc/matmul/CMakeFiles/CMakeTmp'
Building C object CMakeFiles/cmTC_d13ba.dir/CheckFunctionExists.c.o
/usr/bin/cc   -DCHECK_FUNCTION_EXISTS=pthread_create -o CMakeFiles/cmTC_d13ba.dir/CheckFunctionExists.c.o -c /home/ardhy/anaconda2/lib/python2.7/site-packages/cmake/data/share/cmake-3.22/Modules/CheckFunctionExists.c
Linking C executable cmTC_d13ba
/home/ardhy/anaconda2/lib/python2.7/site-packages/cmake/data/bin/cmake -E cmake_link_script CMakeFiles/cmTC_d13ba.dir/link.txt --verbose=1
/usr/bin/cc  -DCHECK_FUNCTION_EXISTS=pthread_create CMakeFiles/cmTC_d13ba.dir/CheckFunctionExists.c.o -o cmTC_d13ba  -lpthreads 
/usr/bin/ld: cannot find -lpthreads
collect2: error: ld returned 1 exit status
CMakeFiles/cmTC_d13ba.dir/build.make:98: recipe for target 'cmTC_d13ba' failed
make[1]: *** [cmTC_d13ba] Error 1
make[1]: Leaving directory '/home/ardhy/Documents/research/new_project/bgv-comparison/HElib/misc/matmul/CMakeFiles/CMakeTmp'
Makefile:127: recipe for target 'cmTC_d13ba/fast' failed
make: *** [cmTC_d13ba/fast] Error 2



